<?xml version="1.0" encoding="UTF-8" ?>
<testsuite errors="0" failures="0" hostname="gaiawl03.net4.lan" name="healpix.core.base.test.BitManipulationTest" tests="2" time="0.122" timestamp="2009-07-07T14:59:20">
  <properties>
[...]
</properties>
  <testcase classname="healpix.core.base.test.BitManipulationTest" name="testBitManipulation" time="0.0040" />
  <testcase classname="healpix.core.base.test.BitManipulationTest" name="testMODULO" time="0.0040" />
  <system-out><![CDATA[a=8.0 b=5.0 mod=3.0
a=-8.0 b=5.0 mod=2.0
a=-8.0 b=5.0 &=-3.0
a=8.0 b=-5.0 mod=-2.0
a=-8.0 b=-5.0 mod=-3.0
a=1.0 b=4.0 mod=1.0
]]></system-out>
  <system-err><![CDATA[]]></system-err>
</testsuite>
