<?xml version="1.0" encoding="UTF-8" ?>
<testsuites>
  <testsuite errors="0" failures="0" hostname="gaiawl03.net4.lan" id="0" name="BitManipulationTest" package="healpix.core.base.test" tests="2" time="0.122" timestamp="2009-07-07T14:59:20">
      <properties>
[...]
</properties>

      <testcase classname="healpix.core.base.test.BitManipulationTest" name="testBitManipulation" time="0.0040" />

      <testcase classname="healpix.core.base.test.BitManipulationTest" name="testMODULO" time="0.0040" />

      <system-out><![CDATA[a=8.0 b=5.0 mod=3.0
a=-8.0 b=5.0 mod=2.0
a=-8.0 b=5.0 &=-3.0
a=8.0 b=-5.0 mod=-2.0
a=-8.0 b=-5.0 mod=-3.0
a=1.0 b=4.0 mod=1.0
]]></system-out>

      <system-err />

  </testsuite>
  <testsuite errors="0" failures="0" hostname="gaiawl03.net4.lan" id="1" name="Ang2PixAllTest" package="healpix.core.test" tests="5" time="11.461" timestamp="2009-07-07T14:59:21">
      <properties>
[...]
</properties>

      <testcase classname="healpix.core.test.Ang2PixAllTest" name="testAllRing128" time="6.973" />

      <testcase classname="healpix.core.test.Ang2PixAllTest" name="testAllRing64" time="0.996" />

      <testcase classname="healpix.core.test.Ang2PixAllTest" name="testAllNest128" time="3.414" />

      <testcase classname="healpix.core.test.Ang2PixAllTest" name="test8063" time="0.0040" />

      <testcase classname="healpix.core.test.Ang2PixAllTest" name="test41087" time="0.0010" />

      <system-out><![CDATA[8062 -> theta: 0.827 phi: 6.246 HealpixIndex -> 0.8271149013958664 ,6.245785394636851
8063 -> theta: 0.827 phi: 6.271 HealpixIndex -> 0.8271149013958664 ,6.2707186696653405
8064 -> theta: 0.841 phi: 0.012 HealpixIndex -> 0.8410686705679303 ,0.01227184630308513
41086 -> theta: 2.301 phi: 6.246
41087 -> theta: 2.301 phi: 6.271
41088 -> theta: 2.314 phi: 0.012
]]></system-out>

      <system-err />

  </testsuite>
  <testsuite errors="0" failures="0" hostname="gaiawl03.net4.lan" id="2" name="CornersTest" package="healpix.core.test" tests="1" time="0.086" timestamp="2009-07-07T14:59:33">
      <properties>
[...]
</properties>

      <testcase classname="healpix.core.test.CornersTest" name="testBoundaries" time="0.021" />

      <system-out />

      <system-err />

  </testsuite>
  <testsuite errors="0" failures="0" hostname="gaiawl03.net4.lan" id="3" name="HealpixMapToolTest" package="healpix.core.test" tests="2" time="0.1" timestamp="2009-07-07T14:59:34">
      <properties>
[...]
</properties>

      <testcase classname="healpix.core.test.HealpixMapToolTest" name="testDegrade" time="0.032" />

      <testcase classname="healpix.core.test.HealpixMapToolTest" name="testUpgrade" time="0.0020" />

      <system-out><![CDATA[*** Order/depthStatic creation=2
Name[0]:DATA1
Nside:4
Npixels:192
Map max:1.0
Npix in:192.0
Npix out:48.0
npix_out/npix_in=4.0
********** Returned Map Nside=2
********** Returned Map N pixels=48
Map degraded max:0.25
*** Order/depthStatic creation=0
Name[0]:DATA1
Nside:1
Npixels:12
Map max:1.0
Npix in:12.0
Npix out:48.0
npix_out/npix_in=4.0
********** Returned Map Nside=2
********** Returned Map N pixels=48
********** Returned Map Nside=2
********** Returned Map N pixels=48
Map upgraded max:1.0
]]></system-out>

      <system-err />

  </testsuite>
  <testsuite errors="0" failures="0" hostname="gaiawl03.net4.lan" id="4" name="HealpixTest" package="healpix.core.test" tests="32" time="0.177" timestamp="2009-07-07T14:59:34">
      <properties>
[...]
</properties>

      <testcase classname="healpix.core.test.HealpixTest" name="testMODULO" time="0.0050" />

      <testcase classname="healpix.core.test.HealpixTest" name="testAngDist" time="0.019" />

      <testcase classname="healpix.core.test.HealpixTest" name="testSurfaceTriangle" time="0.0010" />

      <testcase classname="healpix.core.test.HealpixTest" name="testNside2Npix" time="0.0020" />

      <testcase classname="healpix.core.test.HealpixTest" name="testNpix2Nside" time="0.0010" />

      <testcase classname="healpix.core.test.HealpixTest" name="testVec2Ang" time="0.0010" />

      <testcase classname="healpix.core.test.HealpixTest" name="testAng2Pix" time="0.0020" />

      <testcase classname="healpix.core.test.HealpixTest" name="testAng2Vect" time="0.0030" />

      <testcase classname="healpix.core.test.HealpixTest" name="testRingNum" time="0.0030" />

      <testcase classname="healpix.core.test.HealpixTest" name="testNest2Ring" time="0.0010" />

      <testcase classname="healpix.core.test.HealpixTest" name="testRing2Nest" time="0.0020" />

      <testcase classname="healpix.core.test.HealpixTest" name="testNext_In_Line_Nest" time="0.0010" />

      <testcase classname="healpix.core.test.HealpixTest" name="testInRingCxx" time="0.0020" />

      <testcase classname="healpix.core.test.HealpixTest" name="testInRing" time="0.0030" />

      <testcase classname="healpix.core.test.HealpixTest" name="testIntrs_Intrv" time="0.0010" />

      <testcase classname="healpix.core.test.HealpixTest" name="testPix2Vect_ring" time="0.0020" />

      <testcase classname="healpix.core.test.HealpixTest" name="testPix2Vect_nest" time="0.0020" />

      <testcase classname="healpix.core.test.HealpixTest" name="testVect2Pix_ring" time="0.0010" />

      <testcase classname="healpix.core.test.HealpixTest" name="testVect2Pix_nest" time="0.0020" />

      <testcase classname="healpix.core.test.HealpixTest" name="testQuery_Strip" time="0.0010" />

      <testcase classname="healpix.core.test.HealpixTest" name="testQuery_Disc" time="0.0040" />

      <testcase classname="healpix.core.test.HealpixTest" name="testQuery_Triangle360Nest" time="0.0020" />

      <testcase classname="healpix.core.test.HealpixTest" name="testQuery_Triangle360Ring" time="0.0010" />

      <testcase classname="healpix.core.test.HealpixTest" name="testQuery_TriangleNotCrossing360Ring" time="0.0010" />

      <testcase classname="healpix.core.test.HealpixTest" name="testQuery_TriangleNotCrossing360Nest" time="0.0020" />

      <testcase classname="healpix.core.test.HealpixTest" name="testQuery_Polygon" time="0.0040" />

      <testcase classname="healpix.core.test.HealpixTest" name="testMaxResolution" time="0.0020" />

      <testcase classname="healpix.core.test.HealpixTest" name="testGetNside" time="0.0010" />

      <testcase classname="healpix.core.test.HealpixTest" name="testKeithCover" time="0.0050" />

      <testcase classname="healpix.core.test.HealpixTest" name="testNeighbours_Nest" time="0.0040" />

      <testcase classname="healpix.core.test.HealpixTest" name="testGetParentAt" time="0.016" />

      <testcase classname="healpix.core.test.HealpixTest" name="testGetChildrenAt" time="0.0010" />

      <system-out><![CDATA[ test MODULO is done
res1 = 1.5707963267948966 res2=1.5707963267948966
 test of AngDist is done
Triangle surface is=0.5 steredians
 test of SurfaceTriangle is done
ns_max=8192  npixmax=805306368
 Theta=0.5 Phi=0.5
 test Vect2Ang is done
 Test ang2pix_ring ___________________
theta=1.4033482475752073 phi=1.5707963267948966
 test Ang2Pix is done
 Start test Ang2Vect----------------
Vector x=6.123233995736766E-17 y=1.0 z=6.123233995736766E-17
 test Ang2Vect is done
Start test RingNum !!!!!!!!!!!!!!!!!!!!
z=0.25 ring number =2
 test RingNum is done
End test RingNum
 test Nest2Ring is done
 start test Ring2Nest !!!!!!!!!!!!!!!!!!!!!!
 test Ring2Nest is done
 ipnest (64,0)=4095
 test next_in_line_nest is done
 Start test InRing !!!!!!!!!!!!!!!!!!!!!!!!!
 test InRing is done
 Start test InRing !!!!!!!!!!!!!!!!!!!!!!!!!
 test InRing is done
 test intrs_intrv !!!!!!!!!!!!!!!!!!!!!!!!!!!
 test intrs_intrv is done
Start test pix2vec_ring !!!!!!!!!!!!!!!!!!!
------------------------------------------
 test pix2vec_ring is done
 Start test pix2vec_nest !!!!!!!!!!!!!!
 test pix2vec_nest is done
-------------------------------------------
Start test Vect2Pix_ring !!!!!!!!!!!!!!!!!!!
------------------------------------------
 test vec2pix_ring is done
Start test Vect2Pix_nest !!!!!!!!!!!!!!!!!!!
------------------------------------------
 test vec2pix_nest is done
 Start test query Strip !!!!!!!!!!!!!!!!
 test query_strip is done
 Start test query_disc !!!!!!!!!!!!!!!!!!!!!
 test query_disc is done
 i=0 pixel=517
 i=1 pixel=186
 i=2 pixel=516
 i=3 pixel=175
 i=4 pixel=184
 i=5 pixel=174
 i=6 pixel=173
Start test Query Triangle
 test query_triangle is done
Start test Query Triangle
Start test Query Triangle
 test query_triangle is done
Start test Query Triangle
 test query_triangle is done
Start test Query Triangle
 test query_triangle is done
Start test query_polygon !!!!!!!!!!!!!!!!!!!!!!
 test query_polygon is done
 Start test MaxRes !!!!!!!!!!!!!!!!!!!!!
Minimum size of the pixel side is 25.76614808863054 arcsec.
 End of MaxRes test _______________________
 Start test GetNside !!!!!!!!!!!!!!!!!!!!!
nside cannot be bigger than 8192
Required nside is 8192
 End of GetNSide test _______________________
[-0.8362095252426265 -0.42413295289264946 -0.8362095252426265 ]
 Start test Neighbours_Nest !!!!!!!!!!!!!!!!!
 test NeighboursNest is done
]]></system-out>

      <system-err><![CDATA[206.88225291963914, -20.4081611687813
-0.8359527792990229 -0.4237775247691822 -0.34870554954394445
orig:theta: 1.927 phi: 3.611  ret:theta: 1.926 phi: 3.611
-0.8359527792990229 -0.4237775247691822 -0.34870554954394445
ip = 172
ip = 174
ip = 516
ip = 517
ip = 528
ip = 186
ip = 184
ip = 173
]]></system-err>

  </testsuite>
  <testsuite errors="0" failures="0" hostname="gaiawl03.net4.lan" id="5" name="Pix2Ang4096Test" package="healpix.core.test" tests="1" time="0.096" timestamp="2009-07-07T14:59:35">
      <properties>
[...]
</properties>

      <testcase classname="healpix.core.test.Pix2Ang4096Test" name="testPix2Ang" time="0.031" />

      <system-out><![CDATA[ Test starts... 
[alpha,delta] input: [30.0, 80.0 ]
[theta,phi] healpix input: [10.0, 30.0 ]
Ipix_nest=16377824
** ipix1 (from angular spatial vector)=16377824
** Theta,phi from ipix1:10.006384249054717,29.982857142857142
** @ ipix=16377824 [theta,phi]: [10.006384249054717,29.982857142857142 ]
 Nside =4096 Ra=30,dec=10(90-delta) pix=16377824
vec RA:29.999999999999392, DEC:80.00000000000006
]]></system-out>

      <system-err />

  </testsuite>
  <testsuite errors="0" failures="0" hostname="gaiawl03.net4.lan" id="6" name="Ring2PixTest" package="healpix.core.test" tests="1" time="0.073" timestamp="2009-07-07T14:59:35">
      <properties>
[...]
</properties>

      <testcase classname="healpix.core.test.Ring2PixTest" name="testRing2Pix14t2" time="0.013" />

      <system-out><![CDATA[Nest:23 = Ring:14 Nside is2
Finished  ::Tue Jul 07 16:59:35 CEST 2009
]]></system-out>

      <system-err />

  </testsuite>
  <testsuite errors="0" failures="0" hostname="gaiawl03.net4.lan" id="7" name="FitsTest" package="healpix.fits.test" tests="2" time="0.149" timestamp="2009-07-07T14:59:36">
      <properties>
[...]
</properties>

      <testcase classname="healpix.fits.test.FitsTest" name="testLoadFitsData" time="0.084" />

      <testcase classname="healpix.fits.test.FitsTest" name="testReadTableHDU" time="0.0030" />

      <system-out><![CDATA[Scheme found:NEST
Ncols, Nrows:3, 48
Name:NSLCOVEQU
Name:NSLCOVECL
Name:NSLCOVGAL
48.0
]]></system-out>

      <system-err />

  </testsuite>
  <testsuite errors="0" failures="0" hostname="gaiawl03.net4.lan" id="8" name="MapView3dTest" package="healpix.plot3d.gui.view.test" tests="3" time="3.952" timestamp="2009-07-07T14:59:37">
      <properties>
[...]
</properties>

      <testcase classname="healpix.plot3d.gui.view.test.MapView3dTest" name="testMap3dViewer" time="1.9" />

      <testcase classname="healpix.plot3d.gui.view.test.MapView3dTest" name="testMapCanvasContent" time="0.944" />

      <testcase classname="healpix.plot3d.gui.view.test.MapView3dTest" name="test3dViewerFromFits" time="1.049" />

      <system-out><![CDATA[*** Order/depthStatic creation=0
Name[0]:DATA1
Nside:1
Npixels:12
Map min/max: 0.0/1.0
MapCanvas Imap:0
MapCanvas Nside:1
MapCanvas Min/Max:0.0/1.0
*** Order/depthStatic creation=0
Name[0]:DATA1
Nside:1
Npixels:12
Setting the map:healpix.core.dm.HealpixMapImp@14384c2
MapCanvas Imap:0
MapCanvas Nside:1
MapCanvas Min/Max:0.0/1.0
Map min/max: 0.0/1.0
Data:net.ivoa.fits.data.ImageData@1d2b01b
Data:net.ivoa.fits.data.BinaryTable@127fa12
Ncols, Nrows:3, 48
[D@de1b8a
NSIDE read from fits:2
Scheme found:NEST
Name:NSLCOVEQU
Name:NSLCOVECL
Name:NSLCOVGAL
data/test/test_2.ds is read!
Map min/max: 3205.0/26847.0
]]></system-out>

      <system-err />

  </testsuite>
  <testsuite errors="0" failures="0" hostname="gaiawl03.net4.lan" id="9" name="HealpixMapCreatorTest" package="healpix.tools.test" tests="3" time="1.983" timestamp="2009-07-07T14:59:41">
      <properties>
[...]
</properties>

      <testcase classname="healpix.tools.test.HealpixMapCreatorTest" name="testGenerateMapFromFits" time="1.585" />

      <testcase classname="healpix.tools.test.HealpixMapCreatorTest" name="testGenerateMapCreator" time="0.0050" />

      <testcase classname="healpix.tools.test.HealpixMapCreatorTest" name="testGenMapCreator" time="0.33" />

      <system-out><![CDATA[Data:net.ivoa.fits.data.ImageData@1a125f0
Data:net.ivoa.fits.data.BinaryTable@c1cd1f
Ncols, Nrows:3, 48
[D@197d257
NSIDE read from fits:2
Scheme found:NEST
Name:NSLCOVEQU
Name:NSLCOVECL
Name:NSLCOVGAL
MapCanvas Imap:0
MapCanvas Nside:2
MapCanvas Min/Max:3205.0/26847.0
*** Order/depthStatic creation=1
Name[0]:DATA1
Nside:2
Npixels:48
*** Order/depthStatic creation=6
Name[0]:DATA1
Nside:64
Npixels:49152
]]></system-out>

      <system-err />

  </testsuite>
  <testsuite errors="0" failures="0" hostname="gaiawl03.net4.lan" id="10" name="SpatialVectorTest" package="healpix.tools.test" tests="4" time="0.091" timestamp="2009-07-07T14:59:44">
      <properties>
[...]
</properties>

      <testcase classname="healpix.tools.test.SpatialVectorTest" name="testDotProduct" time="0.0060" />

      <testcase classname="healpix.tools.test.SpatialVectorTest" name="testLength" time="0.0010" />

      <testcase classname="healpix.tools.test.SpatialVectorTest" name="testNorm" time="0.0020" />

      <testcase classname="healpix.tools.test.SpatialVectorTest" name="testMe" time="0.019" />

      <system-out><![CDATA[Vector before norm:2.0 1.0 1.0
SpatialVector after norm:0.8164965809277261 0.4082482904638631 0.4082482904638631
Vector3d after norm:(0.8164965809277261, 0.4082482904638631, 0.4082482904638631)
Vector norm:0.9998476951563913 -0.01745240643728351 6.123233995736766E-17
Vector 51 ang RA, DEC:247.49999999999994, 30.000000000000004
Vector x,y,z:-0.33141357403559235 -0.8001031451912656 0.5
Vector 50 ang RA, DEC:224.99999999999997, 29.99999999999999
Vector x,y,z:-0.6123724356957947 -0.6123724356957945 0.4999999999999999
]]></system-out>

      <system-err />

  </testsuite>
</testsuites>
