<?xml version="1.0" encoding="UTF-8" ?>
<testsuite errors="0" failures="0" hostname="gaiawl03.net4.lan" name="healpix.core.test.HealpixTest" tests="32" time="0.177" timestamp="2009-07-07T14:59:34">
  <properties>
[...]
</properties>
  <testcase classname="healpix.core.test.HealpixTest" name="testMODULO" time="0.0050" />
  <testcase classname="healpix.core.test.HealpixTest" name="testAngDist" time="0.019" />
  <testcase classname="healpix.core.test.HealpixTest" name="testSurfaceTriangle" time="0.0010" />
  <testcase classname="healpix.core.test.HealpixTest" name="testNside2Npix" time="0.0020" />
  <testcase classname="healpix.core.test.HealpixTest" name="testNpix2Nside" time="0.0010" />
  <testcase classname="healpix.core.test.HealpixTest" name="testVec2Ang" time="0.0010" />
  <testcase classname="healpix.core.test.HealpixTest" name="testAng2Pix" time="0.0020" />
  <testcase classname="healpix.core.test.HealpixTest" name="testAng2Vect" time="0.0030" />
  <testcase classname="healpix.core.test.HealpixTest" name="testRingNum" time="0.0030" />
  <testcase classname="healpix.core.test.HealpixTest" name="testNest2Ring" time="0.0010" />
  <testcase classname="healpix.core.test.HealpixTest" name="testRing2Nest" time="0.0020" />
  <testcase classname="healpix.core.test.HealpixTest" name="testNext_In_Line_Nest" time="0.0010" />
  <testcase classname="healpix.core.test.HealpixTest" name="testInRingCxx" time="0.0020" />
  <testcase classname="healpix.core.test.HealpixTest" name="testInRing" time="0.0030" />
  <testcase classname="healpix.core.test.HealpixTest" name="testIntrs_Intrv" time="0.0010" />
  <testcase classname="healpix.core.test.HealpixTest" name="testPix2Vect_ring" time="0.0020" />
  <testcase classname="healpix.core.test.HealpixTest" name="testPix2Vect_nest" time="0.0020" />
  <testcase classname="healpix.core.test.HealpixTest" name="testVect2Pix_ring" time="0.0010" />
  <testcase classname="healpix.core.test.HealpixTest" name="testVect2Pix_nest" time="0.0020" />
  <testcase classname="healpix.core.test.HealpixTest" name="testQuery_Strip" time="0.0010" />
  <testcase classname="healpix.core.test.HealpixTest" name="testQuery_Disc" time="0.0040" />
  <testcase classname="healpix.core.test.HealpixTest" name="testQuery_Triangle360Nest" time="0.0020" />
  <testcase classname="healpix.core.test.HealpixTest" name="testQuery_Triangle360Ring" time="0.0010" />
  <testcase classname="healpix.core.test.HealpixTest" name="testQuery_TriangleNotCrossing360Ring" time="0.0010" />
  <testcase classname="healpix.core.test.HealpixTest" name="testQuery_TriangleNotCrossing360Nest" time="0.0020" />
  <testcase classname="healpix.core.test.HealpixTest" name="testQuery_Polygon" time="0.0040" />
  <testcase classname="healpix.core.test.HealpixTest" name="testMaxResolution" time="0.0020" />
  <testcase classname="healpix.core.test.HealpixTest" name="testGetNside" time="0.0010" />
  <testcase classname="healpix.core.test.HealpixTest" name="testKeithCover" time="0.0050" />
  <testcase classname="healpix.core.test.HealpixTest" name="testNeighbours_Nest" time="0.0040" />
  <testcase classname="healpix.core.test.HealpixTest" name="testGetParentAt" time="0.016" />
  <testcase classname="healpix.core.test.HealpixTest" name="testGetChildrenAt" time="0.0010" />
  <system-out><![CDATA[ test MODULO is done
res1 = 1.5707963267948966 res2=1.5707963267948966
 test of AngDist is done
Triangle surface is=0.5 steredians
 test of SurfaceTriangle is done
ns_max=8192  npixmax=805306368
 Theta=0.5 Phi=0.5
 test Vect2Ang is done
 Test ang2pix_ring ___________________
theta=1.4033482475752073 phi=1.5707963267948966
 test Ang2Pix is done
 Start test Ang2Vect----------------
Vector x=6.123233995736766E-17 y=1.0 z=6.123233995736766E-17
 test Ang2Vect is done
Start test RingNum !!!!!!!!!!!!!!!!!!!!
z=0.25 ring number =2
 test RingNum is done
End test RingNum
 test Nest2Ring is done
 start test Ring2Nest !!!!!!!!!!!!!!!!!!!!!!
 test Ring2Nest is done
 ipnest (64,0)=4095
 test next_in_line_nest is done
 Start test InRing !!!!!!!!!!!!!!!!!!!!!!!!!
 test InRing is done
 Start test InRing !!!!!!!!!!!!!!!!!!!!!!!!!
 test InRing is done
 test intrs_intrv !!!!!!!!!!!!!!!!!!!!!!!!!!!
 test intrs_intrv is done
Start test pix2vec_ring !!!!!!!!!!!!!!!!!!!
------------------------------------------
 test pix2vec_ring is done
 Start test pix2vec_nest !!!!!!!!!!!!!!
 test pix2vec_nest is done
-------------------------------------------
Start test Vect2Pix_ring !!!!!!!!!!!!!!!!!!!
------------------------------------------
 test vec2pix_ring is done
Start test Vect2Pix_nest !!!!!!!!!!!!!!!!!!!
------------------------------------------
 test vec2pix_nest is done
 Start test query Strip !!!!!!!!!!!!!!!!
 test query_strip is done
 Start test query_disc !!!!!!!!!!!!!!!!!!!!!
 test query_disc is done
 i=0 pixel=517
 i=1 pixel=186
 i=2 pixel=516
 i=3 pixel=175
 i=4 pixel=184
 i=5 pixel=174
 i=6 pixel=173
Start test Query Triangle
 test query_triangle is done
Start test Query Triangle
Start test Query Triangle
 test query_triangle is done
Start test Query Triangle
 test query_triangle is done
Start test Query Triangle
 test query_triangle is done
Start test query_polygon !!!!!!!!!!!!!!!!!!!!!!
 test query_polygon is done
 Start test MaxRes !!!!!!!!!!!!!!!!!!!!!
Minimum size of the pixel side is 25.76614808863054 arcsec.
 End of MaxRes test _______________________
 Start test GetNside !!!!!!!!!!!!!!!!!!!!!
nside cannot be bigger than 8192
Required nside is 8192
 End of GetNSide test _______________________
[-0.8362095252426265 -0.42413295289264946 -0.8362095252426265 ]
 Start test Neighbours_Nest !!!!!!!!!!!!!!!!!
 test NeighboursNest is done
]]></system-out>
  <system-err><![CDATA[206.88225291963914, -20.4081611687813
-0.8359527792990229 -0.4237775247691822 -0.34870554954394445
orig:theta: 1.927 phi: 3.611  ret:theta: 1.926 phi: 3.611
-0.8359527792990229 -0.4237775247691822 -0.34870554954394445
ip = 172
ip = 174
ip = 516
ip = 517
ip = 528
ip = 186
ip = 184
ip = 173
]]></system-err>
</testsuite>
